20:22:23.139 [main] DEBUG com.test.Tc - debugging------
20:22:24.711 [main] INFO  com.test.Tc - ---------- Creating user-----------
20:44:53.740 [main] DEBUG com.test.Tc - debugging------
20:44:55.331 [main] INFO  com.test.Tc - ---------- Creating user-----------
02:28:46.037 [main] DEBUG com.test.Tc - debugging------
02:28:48.621 [main] INFO  com.test.Tc - ---------- Creating user-----------
02:29:33.219 [main] DEBUG com.test.Tc - debugging------
02:29:35.594 [main] INFO  com.test.Tc - ---------- Creating user-----------
02:30:05.707 [main] DEBUG com.test.Tc - debugging------
02:30:08.191 [main] INFO  com.test.Tc - ---------- Creating user-----------
02:32:51.921 [main] DEBUG com.test.Tc - debugging------
02:32:54.392 [main] INFO  com.test.Tc - ---------- Creating user-----------
16:21:37.108 [main] DEBUG com.test.Tc - debugging------
16:21:39.346 [main] INFO  com.test.Tc - ---------- Creating user-----------
16:22:25.505 [main] DEBUG com.test.Tc - debugging------
16:22:27.746 [main] INFO  com.test.Tc - ---------- Creating user-----------
16:23:23.657 [main] DEBUG com.test.Tc - debugging------
16:23:25.205 [main] INFO  com.test.Tc - ---------- Creating user-----------
23:13:07.674 [main] DEBUG com.test.Tc - -------Opening Browser------
23:13:07.856 [main] DEBUG com.test.Tc - -------Clicking on Search Button------
23:13:42.059 [main] DEBUG com.test.Tc - -------Opening Browser------
23:13:42.251 [main] DEBUG com.test.Tc - -------Clicking on Search Button------
23:15:21.154 [main] DEBUG com.test.Tc - -------Opening Browser------
23:15:21.335 [main] DEBUG com.test.Tc - -------Clicking on Search Button------
23:17:00.598 [main] DEBUG com.test.Tc - -------Opening Browser------
23:17:00.768 [main] DEBUG com.test.Tc - -------Clicking on Search Button------
23:21:10.399 [main] DEBUG com.test.Tc - -------Opening Browser------
23:21:10.538 [main] DEBUG com.test.Tc - -------Clicking on Search Button------
23:21:17.039 [main] DEBUG com.test.Tc - -------Entering the Search Term------
23:23:54.714 [main] DEBUG com.test.Tc - -------Opening Browser------
23:23:54.894 [main] DEBUG com.test.Tc - -------Clicking on Search Button------
23:24:00.669 [main] DEBUG com.test.Tc - -------Entering the Search Term------
23:37:57.500 [main] DEBUG com.test.Tc - -------Opening Browser------
23:37:57.657 [main] DEBUG com.test.Tc - -------Clicking on Search Button------
23:38:17.997 [main] DEBUG com.test.Tc - -------Clicking the Availaibility Filter------
23:39:49.203 [main] DEBUG com.test.Tc - -------Opening Browser------
23:39:49.379 [main] DEBUG com.test.Tc - -------Clicking on Search Button------
23:39:54.631 [main] DEBUG com.test.Tc - -------Clicking the Availaibility Filter------
23:49:20.066 [main] DEBUG com.test.Tc - -------Opening Browser------
23:49:20.215 [main] DEBUG com.test.Tc - -------Clicking on Search Button------
23:49:20.380 [main] DEBUG com.test.Tc - -------Entering the Search Term------
23:49:40.540 [main] DEBUG com.test.Tc - -------Clicking the Availaibility Filter------
23:53:40.272 [main] DEBUG com.test.Tc - -------Opening Browser------
23:53:40.445 [main] DEBUG com.test.Tc - -------Clicking on Search Button------
23:53:42.501 [main] DEBUG com.test.Tc - -------Clicking the Availaibility Filter------
